<?xml version="1.0" encoding="UTF-8"?>
<testng-results ignored="0" total="1" passed="1" failed="0" skipped="0">
  <reporter-output>
  </reporter-output>
  <suite started-at="2022-03-04T06:07:57Z" name="Default suite" finished-at="2022-03-04T06:08:00Z" duration-ms="3088">
    <groups>
    </groups>
    <test started-at="2022-03-04T06:07:57Z" name="Default test" finished-at="2022-03-04T06:08:00Z" duration-ms="3088">
      <class name="scripts.MavenTest1">
        <test-method signature="Method()[pri:0, instance:scripts.MavenTest1@7ceb3185]" started-at="2022-03-04T11:37:57Z" name="Method" finished-at="2022-03-04T11:38:00Z" duration-ms="3068" status="PASS">
          <reporter-output>
          </reporter-output>
        </test-method> <!-- Method -->
      </class> <!-- scripts.MavenTest1 -->
    </test> <!-- Default test -->
  </suite> <!-- Default suite -->
</testng-results>
